<?xml version="1.0" encoding="UTF-8"?>
<!-- Generated by org.testng.reporters.JUnitReportReporter -->
<testsuite hostname="AIL044" failures="0" tests="1" name="testScripts.AddUserPageTest" time="26.629" errors="0" timestamp="2024-08-29T16:36:32 IST" skipped="0">
  <testcase classname="testScripts.AddUserPageTest" name="verifyAddUser" time="26.629"/>
</testsuite> <!-- testScripts.AddUserPageTest -->
