<?xml version="1.0" encoding="UTF-8"?>
<!-- Generated by org.testng.reporters.JUnitReportReporter -->
<testsuite hostname="AIL044" failures="0" tests="1" name="testScripts.LoginPageTest" time="12.571" errors="0" timestamp="2024-08-24T21:30:21 IST" skipped="0">
  <testcase classname="testScripts.LoginPageTest" name="verifyLoginWithValidCredentials" time="12.571"/>
</testsuite> <!-- testScripts.LoginPageTest -->
