<?xml version="1.0" encoding="UTF-8"?>
<!-- Generated by org.testng.reporters.JUnitReportReporter -->
<testsuite hostname="AIL044" failures="0" tests="3" name="testScripts.AddUserPageTest" time="60.505" errors="0" timestamp="2024-09-10T18:20:59 IST" skipped="2">
  <testcase classname="testScripts.AddUserPageTest" name="verifyAddUser" time="13.717">
    <skipped/>
  </testcase> <!-- verifyAddUser -->
  <testcase classname="testScripts.AddUserPageTest" name="verifyAddUser" time="41.465"/>
  <testcase classname="testScripts.AddUserPageTest" name="verifyAddUser" time="5.323">
    <skipped/>
  </testcase> <!-- verifyAddUser -->
</testsuite> <!-- testScripts.AddUserPageTest -->
