<?xml version="1.0" encoding="UTF-8"?>
<!-- Generated by org.testng.reporters.JUnitReportReporter -->
<testsuite hostname="AIL044" failures="0" tests="1" name="testScripts.ResetPageTest" time="7.485" errors="0" timestamp="2024-09-10T17:38:23 IST" skipped="0">
  <testcase classname="testScripts.ResetPageTest" name="verifyResetPageWithInvalidMail" time="7.485"/>
</testsuite> <!-- testScripts.ResetPageTest -->
