<?xml version="1.0" encoding="UTF-8"?>
<!-- Generated by org.testng.reporters.JUnitReportReporter -->
<testsuite hostname="AIL044" failures="0" tests="1" name="testScripts.ResetPage" time="8.768" errors="0" timestamp="2024-08-16T23:33:21 IST" skipped="0">
  <testcase classname="testScripts.ResetPage" name="verifyResetPageWithInvalidMail" time="8.768"/>
</testsuite> <!-- testScripts.ResetPage -->
