<?xml version="1.0" encoding="UTF-8"?>
<!-- Generated by org.testng.reporters.JUnitReportReporter -->
<testsuite hostname="AIL044" failures="0" tests="1" name="testScripts.ResetPageTest" time="14.812" errors="0" timestamp="2024-08-22T20:50:35 IST" skipped="0">
  <testcase classname="testScripts.ResetPageTest" name="verifyResetPageWithValidMail" time="14.812"/>
</testsuite> <!-- testScripts.ResetPageTest -->
