<?xml version="1.0" encoding="UTF-8"?>
<!-- Generated by org.testng.reporters.JUnitReportReporter -->
<testsuite hostname="AIL044" failures="0" tests="1" name="testScripts.ResetPageTest" time="15.507" errors="0" timestamp="2024-08-31T22:17:46 IST" skipped="0">
  <testcase classname="testScripts.ResetPageTest" name="verifyResetPageWithValidMail" time="15.507"/>
</testsuite> <!-- testScripts.ResetPageTest -->
