<?xml version="1.0" encoding="UTF-8"?>
<!-- Generated by org.testng.reporters.JUnitReportReporter -->
<testsuite hostname="AIL044" failures="0" tests="3" name="testScripts.LoginPageTest" time="15.586" errors="0" timestamp="2024-08-17T23:50:09 IST" skipped="0">
  <testcase classname="testScripts.LoginPageTest" name="InvalidDataDataProvider" time="6.306"/>
  <testcase classname="testScripts.LoginPageTest" name="InvalidDataDataProvider" time="4.974"/>
  <testcase classname="testScripts.LoginPageTest" name="InvalidDataDataProvider" time="4.306"/>
</testsuite> <!-- testScripts.LoginPageTest -->
