<?xml version="1.0" encoding="UTF-8"?>
<!-- Generated by org.testng.reporters.JUnitReportReporter -->
<testsuite hostname="AIL044" failures="0" tests="1" name="testScripts.LoginPageTest" time="23.417" errors="0" timestamp="2024-08-29T16:43:57 IST" skipped="0">
  <testcase classname="testScripts.LoginPageTest" name="verifyLoginWithValidCredentials" time="23.417"/>
</testsuite> <!-- testScripts.LoginPageTest -->
