<?xml version="1.0" encoding="UTF-8"?>
<!-- Generated by org.testng.reporters.JUnitReportReporter -->
<testsuite hostname="AIL044" failures="0" tests="8" name="testScripts.LoginPageTest" time="191.914" errors="0" timestamp="2024-09-08T22:19:50 IST" skipped="3">
  <testcase classname="testScripts.LoginPageTest" name="InvalidDataDataProvider" time="31.630"/>
  <testcase classname="testScripts.LoginPageTest" name="verifyLoginWithValidCredentials" time="16.273"/>
  <testcase classname="testScripts.LoginPageTest" name="InvalidDataDataProvider" time="36.888"/>
  <testcase classname="testScripts.LoginPageTest" name="verifyLoginWithValidCredentials" time="23.252">
    <skipped/>
  </testcase> <!-- verifyLoginWithValidCredentials -->
  <testcase classname="testScripts.LoginPageTest" name="verifyLoginWithValidCredentials" time="33.397">
    <skipped/>
  </testcase> <!-- verifyLoginWithValidCredentials -->
  <testcase classname="testScripts.LoginPageTest" name="verifyLoginWithValidCredentials" time="28.105">
    <skipped/>
  </testcase> <!-- verifyLoginWithValidCredentials -->
  <testcase classname="testScripts.LoginPageTest" name="InvalidDataDataProvider" time="3.677"/>
  <testcase classname="testScripts.LoginPageTest" name="verifyLoginErrorMessageWithInvalidCredentials" time="18.692"/>
</testsuite> <!-- testScripts.LoginPageTest -->
