<?xml version="1.0" encoding="UTF-8"?>
<!-- Generated by org.testng.reporters.JUnitReportReporter -->
<testsuite hostname="AIL044" failures="0" tests="1" name="testScripts.HomePageTest" time="6.942" errors="0" timestamp="2024-08-17T16:21:05 IST" skipped="0">
  <testcase classname="testScripts.HomePageTest" name="verifyHomePageTitle" time="6.942"/>
</testsuite> <!-- testScripts.HomePageTest -->
