<?xml version="1.0" encoding="UTF-8"?>
<!-- Generated by org.testng.reporters.JUnitReportReporter -->
<testsuite hostname="AIL044" failures="0" tests="1" name="testScripts.LoginPageTest" time="7.267" errors="0" timestamp="2024-08-23T20:35:29 IST" skipped="0">
  <testcase classname="testScripts.LoginPageTest" name="userLoginWithValidCredentials" time="7.267"/>
</testsuite> <!-- testScripts.LoginPageTest -->
