<?xml version="1.0" encoding="UTF-8"?>
<!-- Generated by org.testng.reporters.JUnitReportReporter -->
<testsuite hostname="AIL044" failures="0" tests="1" name="org.seleneium.testNgCommands.Commands" time="24.890" errors="0" timestamp="2024-08-07T08:35:29 IST" skipped="0">
  <testcase classname="org.seleneium.testNgCommands.Commands" name="verifyFluentWait" time="24.890"/>
</testsuite> <!-- org.seleneium.testNgCommands.Commands -->
