<?xml version="1.0" encoding="UTF-8"?>
<!-- Generated by org.testng.reporters.JUnitReportReporter -->
<testsuite hostname="AIL044" failures="0" tests="1" name="testScripts.RegisterPageTest" time="8.086" errors="0" timestamp="2024-08-17T16:21:05 IST" skipped="0">
  <testcase classname="testScripts.RegisterPageTest" name="verifyUserRegistration" time="8.086"/>
</testsuite> <!-- testScripts.RegisterPageTest -->
