<?xml version="1.0" encoding="UTF-8"?>
<!-- Generated by org.testng.reporters.JUnitReportReporter -->
<testsuite hostname="AIL044" failures="0" tests="3" name="testScripts.LoginPageTest" time="21.183" errors="0" timestamp="2024-08-12T12:29:06 IST" skipped="0">
  <testcase classname="testScripts.LoginPageTest" name="verifyInvalidUserLoginWithDataProvider" time="7.715"/>
  <testcase classname="testScripts.LoginPageTest" name="verifyInvalidUserLoginWithDataProvider" time="5.731"/>
  <testcase classname="testScripts.LoginPageTest" name="verifyInvalidUserLoginWithDataProvider" time="7.737"/>
</testsuite> <!-- testScripts.LoginPageTest -->
