<?xml version="1.0" encoding="UTF-8"?>
<!-- Generated by org.testng.reporters.JUnitReportReporter -->
<testsuite hostname="AIL044" failures="0" tests="1" name="testScripts.HomePageTest" time="8.006" errors="0" timestamp="2024-08-10T23:19:16 IST" skipped="0">
  <testcase classname="testScripts.HomePageTest" name="verifyCommunityPollSelection" time="8.006"/>
</testsuite> <!-- testScripts.HomePageTest -->
